<?xml version="1.0" encoding="UTF-8"?>
<!-- Generated by org.testng.reporters.JUnitReportReporter -->
<testsuite hostname="XD" name="std.AppTest" tests="1" failures="0" timestamp="24 Aug 2016 19:39:48 GMT" time="0.001" errors="0">
  <testcase name="testApp" time="0.001" classname="std.AppTest"/>
</testsuite> <!-- std.AppTest -->
