<?xml version="1.0" encoding="UTF-8"?>
<!-- Generated by org.testng.reporters.JUnitReportReporter -->
<testsuite hostname="XD" name="std.CreateNewFileFunctionTest" tests="5" failures="0" timestamp="27 Aug 2016 21:42:52 GMT" time="0.007" errors="0">
  <testcase name="Negative_ComparingSymbolsTest" time="0.005" classname="std.CreateNewFileFunctionTest"/>
  <testcase name="Positive_txtFileTest" time="0.000" classname="std.CreateNewFileFunctionTest"/>
  <testcase name="Positive_NoExtensionFileTest" time="0.001" classname="std.CreateNewFileFunctionTest"/>
  <testcase name="Negative_NoNameTest" time="0.000" classname="std.CreateNewFileFunctionTest"/>
  <testcase name="Positive_xmlFileNumbersTest" time="0.001" classname="std.CreateNewFileFunctionTest"/>
</testsuite> <!-- std.CreateNewFileFunctionTest -->
