<?xml version="1.0" encoding="UTF-8"?>
<!-- Generated by org.testng.reporters.JUnitReportReporter -->
<testsuite hostname="XD" name="std.AppTest" tests="1" failures="0" timestamp="24 Aug 2016 19:26:36 GMT" time="0.005" errors="0">
  <testcase name="testApp" time="0.005" classname="std.AppTest"/>
</testsuite> <!-- std.AppTest -->
