<?xml version="1.0" encoding="UTF-8"?>
<!-- Generated by org.testng.reporters.JUnitReportReporter -->
<testsuite hostname="XD" name="std.PositiveCreateNewFileTest" tests="3" failures="0" timestamp="28 Aug 2016 15:53:16 GMT" time="0.005" errors="0">
  <testcase name="Positive_txtFileTest" time="0.001" classname="std.PositiveCreateNewFileTest"/>
  <testcase name="Positive_NoExtensionFileTest" time="0.004" classname="std.PositiveCreateNewFileTest"/>
  <testcase name="Positive_xmlFileNumbersTest" time="0.000" classname="std.PositiveCreateNewFileTest"/>
</testsuite> <!-- std.PositiveCreateNewFileTest -->
