<?xml version="1.0" encoding="UTF-8"?>
<!-- Generated by org.testng.reporters.JUnitReportReporter -->
<testsuite hostname="XD" name="std.PointClassTest" tests="3" failures="0" timestamp="24 Aug 2016 19:37:10 GMT" time="0.020" errors="0">
  <testcase name="DistanceCheckZeroPoint" time="0.000" classname="std.PointClassTest"/>
  <testcase name="DistanceCheckPrecise" time="0.010" classname="std.PointClassTest"/>
  <testcase name="DistanceCheckRounding" time="0.010" classname="std.PointClassTest"/>
</testsuite> <!-- std.PointClassTest -->
