<?xml version="1.0" encoding="UTF-8"?>
<!-- Generated by org.testng.reporters.JUnitReportReporter -->
<testsuite hostname="XD" name="std.NegativeCreateNewFileTest" tests="2" failures="0" timestamp="28 Aug 2016 15:53:16 GMT" time="0.001" errors="0">
  <testcase name="Negative_ComparingSymbolsTest" time="0.001" classname="std.NegativeCreateNewFileTest"/>
  <testcase name="Negative_NoNameTest" time="0.000" classname="std.NegativeCreateNewFileTest"/>
</testsuite> <!-- std.NegativeCreateNewFileTest -->
